<?xml version="1.0" encoding="UTF-8"?>
<!-- Generated by org.testng.reporters.JUnitReportReporter -->
<testsuite hostname="DESKTOP-B7PUNQO" failures="0" tests="1" name="com.packages.NewTest" time="6.687" errors="0" timestamp="2021-05-24T04:48:07 IST" skipped="0">
  <testcase classname="com.packages.NewTest" name="GetPetDetails" time="6.687"/>
  <system-out/>
</testsuite> <!-- com.packages.NewTest -->
