<?xml version="1.0" encoding="UTF-8"?>
<!-- Generated by org.testng.reporters.JUnitReportReporter -->
<testsuite hostname="DESKTOP-B7PUNQO" failures="0" tests="3" name="activities.Activity1" time="8.904" errors="0" timestamp="2021-05-24T07:41:24 IST" skipped="0">
  <testcase classname="activities.Activity1" name="addNewPet" time="5.686"/>
  <system-out/>
  <testcase classname="activities.Activity1" name="getPetInfo" time="1.703"/>
  <system-out/>
  <testcase classname="activities.Activity1" name="deletePet" time="1.515"/>
  <system-out/>
</testsuite> <!-- activities.Activity1 -->
