<?xml version="1.0" encoding="UTF-8"?>
<!-- Generated by org.testng.reporters.JUnitReportReporter -->
<testsuite hostname="DESKTOP-B7PUNQO" failures="0" tests="5" name="activities.Activity3" time="8.989" errors="0" timestamp="2021-05-24T07:41:24 IST" skipped="0">
  <testcase classname="activities.Activity3" name="addPets" time="3.000"/>
  <system-out/>
  <testcase classname="activities.Activity3" name="getPets" time="1.430"/>
  <system-out/>
  <testcase classname="activities.Activity3" name="getPets" time="1.631"/>
  <system-out/>
  <testcase classname="activities.Activity3" name="deletePets" time="1.530"/>
  <system-out/>
  <testcase classname="activities.Activity3" name="deletePets" time="1.398"/>
  <system-out/>
</testsuite> <!-- activities.Activity3 -->
