<?xml version="1.0" encoding="UTF-8"?>
<!-- Generated by org.testng.reporters.JUnitReportReporter -->
<testsuite hostname="DESKTOP-B7PUNQO" failures="0" tests="3" name="activities.Activity2" time="4.593" errors="0" timestamp="2021-05-24T07:41:24 IST" skipped="0">
  <testcase classname="activities.Activity2" name="addNewUserFromFile" time="1.625"/>
  <system-out/>
  <testcase classname="activities.Activity2" name="getUserInfo" time="1.531"/>
  <system-out/>
  <testcase classname="activities.Activity2" name="deleteUser" time="1.437"/>
  <system-out/>
</testsuite> <!-- activities.Activity2 -->
