<?xml version="1.0" encoding="UTF-8"?>
<!-- Generated by org.testng.reporters.JUnitReportReporter -->
<testsuite hostname="DESKTOP-B7PUNQO" failures="0" tests="3" name="com.packages.NewTest2" time="8.947" errors="0" timestamp="2021-05-24T06:52:00 IST" skipped="0">
  <testcase classname="com.packages.NewTest2" name="GetPetDetails" time="5.825"/>
  <system-out/>
  <testcase classname="com.packages.NewTest2" name="GetAssertion" time="1.560"/>
  <system-out/>
  <testcase classname="com.packages.NewTest2" name="sendPost" time="1.562"/>
  <system-out/>
</testsuite> <!-- com.packages.NewTest2 -->
