<?xml version="1.0" encoding="UTF-8"?>
<!-- Generated by org.testng.reporters.JUnitReportReporter -->
<testsuite hostname="DESKTOP-B7PUNQO" failures="0" tests="3" name="Tests" time="5.559" errors="0" timestamp="2021-05-30T20:08:01 IST" skipped="0">
  <testcase classname="Tests" name="addToken" time="4.354"/>
  <system-out/>
  <testcase classname="Tests" name="getToken" time="0.628"/>
  <system-out/>
  <testcase classname="Tests" name="deleteToken" time="0.577"/>
  <system-out/>
</testsuite> <!-- Tests -->
